824 [INFO] Error stacktraces are turned on.
868 [INFO] Scanning for projects...
2032 [WARNING] No explicit target runtime environment configuration. Build is platform dependent.
6291 [INFO] Computing target platform for MavenProject: com.axonivy.ivy.supplements:ch.ivyteam.ivy.extension.birt:6.1.0-SNAPSHOT @ D:\dev\Projekte\Github\birt-reporting\birtExtension\interpolated-pom.xml
6664 [INFO] Adding repository http://localhost:8080/site
6733 [INFO] Fetching content.xml from http://localhost:8080/site/ (0B of 2.98MB at 0B/s)
7056 [INFO] Resolving dependencies of MavenProject: com.axonivy.ivy.supplements:ch.ivyteam.ivy.extension.birt:6.1.0-SNAPSHOT @ D:\dev\Projekte\Github\birt-reporting\birtExtension\interpolated-pom.xml
9630 [WARNING] The following locally built units have been used to resolve project dependencies:
9630 [WARNING]   ch.ivyteam.ulc.base/6.1.3.201312021251
9666 [INFO] Resolving class path of MavenProject: com.axonivy.ivy.supplements:ch.ivyteam.ivy.extension.birt:6.1.0-SNAPSHOT @ D:\dev\Projekte\Github\birt-reporting\birtExtension\interpolated-pom.xml
12177 [INFO]                                                                         
12177 [INFO] ------------------------------------------------------------------------
12177 [INFO] Building ch.ivyteam.ivy.extension.birt 6.1.0-SNAPSHOT
12177 [INFO] ------------------------------------------------------------------------
12474 [INFO] 
12474 [INFO] --- maven-clean-plugin:2.5:clean (default-clean) @ ch.ivyteam.ivy.extension.birt ---
12534 [INFO] Deleting D:\dev\Projekte\Github\birt-reporting\birtExtension\target
13853 [INFO] ------------------------------------------------------------------------
13853 [INFO] BUILD FAILURE
13853 [INFO] ------------------------------------------------------------------------
13854 [INFO] Total time: 13.007 s
13855 [INFO] Finished at: 2016-03-09T16:40:17+01:00
14029 [INFO] Final Memory: 39M/784M
14029 [INFO] ------------------------------------------------------------------------
14029 [WARNING] The requested profile "build" could not be activated because it does not exist.
14030 [ERROR] Failed to execute goal org.apache.maven.plugins:maven-clean-plugin:2.5:clean (default-clean) on project ch.ivyteam.ivy.extension.birt: Failed to clean project: Failed to delete D:\dev\Projekte\Github\birt-reporting\birtExtension\target\ch.ivyteam.ivy.extension.birt-6.1.0-SNAPSHOT.jar -> [Help 1]
org.apache.maven.lifecycle.LifecycleExecutionException: Failed to execute goal org.apache.maven.plugins:maven-clean-plugin:2.5:clean (default-clean) on project ch.ivyteam.ivy.extension.birt: Failed to clean project: Failed to delete D:\dev\Projekte\Github\birt-reporting\birtExtension\target\ch.ivyteam.ivy.extension.birt-6.1.0-SNAPSHOT.jar
	at org.apache.maven.lifecycle.internal.MojoExecutor.execute(MojoExecutor.java:216)
	at org.apache.maven.lifecycle.internal.MojoExecutor.execute(MojoExecutor.java:153)
	at org.apache.maven.lifecycle.internal.MojoExecutor.execute(MojoExecutor.java:145)
	at org.apache.maven.lifecycle.internal.LifecycleModuleBuilder.buildProject(LifecycleModuleBuilder.java:116)
	at org.apache.maven.lifecycle.internal.LifecycleModuleBuilder.buildProject(LifecycleModuleBuilder.java:80)
	at org.apache.maven.lifecycle.internal.builder.singlethreaded.SingleThreadedBuilder.build(SingleThreadedBuilder.java:51)
	at org.apache.maven.lifecycle.internal.LifecycleStarter.execute(LifecycleStarter.java:120)
	at org.apache.maven.DefaultMaven.doExecute(DefaultMaven.java:347)
	at org.apache.maven.DefaultMaven.execute(DefaultMaven.java:154)
	at org.apache.maven.cli.MavenCli.execute(MavenCli.java:582)
	at org.apache.maven.cli.MavenCli.doMain(MavenCli.java:214)
	at org.apache.maven.cli.MavenCli.main(MavenCli.java:158)
	at sun.reflect.NativeMethodAccessorImpl.invoke0(Native Method)
	at sun.reflect.NativeMethodAccessorImpl.invoke(NativeMethodAccessorImpl.java:62)
	at sun.reflect.DelegatingMethodAccessorImpl.invoke(DelegatingMethodAccessorImpl.java:43)
	at java.lang.reflect.Method.invoke(Method.java:497)
	at org.codehaus.plexus.classworlds.launcher.Launcher.launchEnhanced(Launcher.java:289)
	at org.codehaus.plexus.classworlds.launcher.Launcher.launch(Launcher.java:229)
	at org.codehaus.plexus.classworlds.launcher.Launcher.mainWithExitCode(Launcher.java:415)
	at org.codehaus.plexus.classworlds.launcher.Launcher.main(Launcher.java:356)
Caused by: org.apache.maven.plugin.MojoExecutionException: Failed to clean project: Failed to delete D:\dev\Projekte\Github\birt-reporting\birtExtension\target\ch.ivyteam.ivy.extension.birt-6.1.0-SNAPSHOT.jar
	at org.apache.maven.plugin.clean.CleanMojo.execute(CleanMojo.java:215)
	at org.apache.maven.plugin.DefaultBuildPluginManager.executeMojo(DefaultBuildPluginManager.java:132)
	at org.apache.maven.lifecycle.internal.MojoExecutor.execute(MojoExecutor.java:208)
	... 19 more
Caused by: java.io.IOException: Failed to delete D:\dev\Projekte\Github\birt-reporting\birtExtension\target\ch.ivyteam.ivy.extension.birt-6.1.0-SNAPSHOT.jar
	at org.apache.maven.plugin.clean.Cleaner.delete(Cleaner.java:249)
	at org.apache.maven.plugin.clean.Cleaner.delete(Cleaner.java:191)
	at org.apache.maven.plugin.clean.Cleaner.delete(Cleaner.java:158)
	at org.apache.maven.plugin.clean.Cleaner.delete(Cleaner.java:117)
	at org.apache.maven.plugin.clean.CleanMojo.execute(CleanMojo.java:193)
	... 21 more
14031 [ERROR] 
14031 [ERROR] Re-run Maven using the -X switch to enable full debug logging.
14031 [ERROR] 
14031 [ERROR] For more information about the errors and possible solutions, please read the following articles:
14031 [ERROR] [Help 1] http://cwiki.apache.org/confluence/display/MAVEN/MojoExecutionException
